0
0
0
0
0
0
0
0
0
0
0
80
80
80
120
120
120
140
140
140
160
260
260
480
480
620
660
680
680
720
720
720
740
760
780
780
800
820
860
1140
1160
1180
1180
1180
1200
1240
1260
1280
1320
1440
1440
1500
1560
1620
1620
1780
1800
1820
1820
1820
1840
1920
1940
1980
1980
2060
2060
2080
2100
2100
2100
2140
2360
2440
2440
2440
2540
2540
2540
2620
2620
2640
2660
2700
2780
3000
3120
3120
3160
3160
3180
3180
3200
3280
3480
3560
3580
3640
3700
3700
3820
3900
3920
3940
4000
4040
4080
4120
4160
4220
4220
4220
4240
4260
4280
4280
4340
4340
4440
4440
4440
4480
4480
4480
4520
4520
4560
4580
4620
4660
4660
4660
4740
4780
4780
4780
4800
4800
4820
4860
4900
4960
5060
5080
5100
5100
5140
5160
