0
0
0
0
0
0
0
0
0
0
460
480
500
600
640
660
720
760
820
820
880
900
900
920
1140
1180
1180
1280
1280
1280
1300
1340
1380
1400
1440
1500
1500
1520
1520
1640
1720
1740
1860
1860
1900
1940
1940
1960
2020
2180
2240
2260
2380
2380
2740
2800
2880
2880
2880
2880
2940
2960
2980
2980
3000
3040
3080
3080
3100
3120
3120
3120
3120
3180
3180
3180
3180
3200
3220
3220
3280
3280
3340
3480
3660
3660
3780
3800
3800
3860
4020
4040
4120
4120
4120
4140
4160
4280
4280
4300
4300
4300
4320
4340
4360
4380
4400
4400
4400
4400
4460
4460
4540
4560
4600
4620
4640
4700
4700
4800
4800
4840
4880
4940
4940
5200
5340
5460
5480
5500
5540
5600
5640
5640
5760
5880
5940
5940
5960
6000
6000
6020
6080
6140
6300
6300
6300
6360
6440
6440
6440
6460
6460
6460
6620
6660
6700
6780
6780
6800
6880
6880
6880
6900
6900
7000
7100
7260
7260
7320
8000
8180
8180
8260
8260
8260
8260
8500
8560
8660
8660
8660
8780
8780
8880
8900
8940
8940
9000
9200
9260
9340
9720
9740
9740
