0
0
0
0
0
0
0
0
0
0
20
180
180
200
200
280
280
340
380
380
400
500
500
580
580
600
620
720
740
740
840
840
840
860
860
860
980
980
980
1000
1000
1100
1120
1160
1160
1160
1160
1300
1340
1360
1420
1520
1520
1520
1580
1600
1600
1600
1660
1660
1740
1760
1780
1780
1800
1800
1800
1800
1800
1840
1840
1840
1840
1840
1860
1860
1860
1920
1920
1920
1920
1920
1960
1960
2000
2000
2020
2020
2020
2020
2060
2160
2160
2180
2180
2240
2240
2240
2380
2400
2400
2440
2440
2440
2440
2440
2460
2480
2500
2500
2760
2760
2780
2860
2960
2980
2980
3120
3140
3420
3440
3440
3440
3460
3460
3480
3480
3500
3540
3540
3640
3720
3720
3740
3760
3780
3780
3820
3860
3860
3860
3960
3960
4000
4000
4000
4040
4120
4140
4200
4200
4220
4240
4300
4340
4340
4420
4440
4440
4460
4520
4540
4560
4600
4620
4620
4620
4620
4620
4660
4680
4760
4860
4880
4920
4960
4980
4980
5220
5240
5260
5380
5460
5560
5600
5680
6040
6200
6320
6340
6700
7200
7560
