[51, 1, 0, 0, 0, 0, 0, 0, 0, 0, 0, 0, 0, 0, 0, 0, 0, 0, 0, 0, 0]
[52, 2, 0, 0, 0, 0, 0, 0, 0, 0, 0, 0, 0, 0, 0, 0, 0, 0, 0, 0, 0]
[53, 3, 0, 0, 0, 0, 0, 0, 0, 0, 0, 0, 0, 0, 0, 0, 0, 0, 0, 0, 0]
[54, 4, 0, 0, 0, 0, 0, 0, 0, 0, 0, 0, 0, 0, 0, 0, 0, 0, 0, 0, 0]
[55, 5, 0, 0, 0, 0, 0, 0, 0, 0, 0, 0, 0, 0, 0, 0, 0, 0, 0, 0, 0]
[56, 6, 0, 0, 0, 0, 0, 0, 0, 0, 0, 0, 0, 0, 0, 0, 0, 0, 0, 0, 0]
[57, 7, 0, 0, 0, 0, 0, 0, 0, 0, 0, 0, 0, 0, 0, 0, 0, 0, 0, 0, 0]
[58, 8, 0, 0, 0, 0, 0, 0, 0, 0, 0, 0, 0, 0, 0, 0, 0, 0, 0, 0, 0]
[59, 9, 0, 0, 0, 0, 0, 0, 0, 0, 0, 0, 0, 0, 0, 0, 0, 0, 0, 0, 0]
[60, 10, 0, 0, 0, 0, 0, 0, 0, 0, 0, 0, 0, 0, 0, 0, 0, 0, 0, 0, 0]
[102, 10, 0, 1, 0, 0, 0, 0, 0, 0, 0, 0, 0, 0, 0, 0, 0, 0, 0, 0, 0]
[112, 10, 0, 2, 0, 0, 0, 0, 0, 0, 0, 0, 0, 0, 0, 0, 0, 0, 0, 0, 0]
[113, 10, 0, 3, 0, 0, 0, 0, 0, 0, 0, 0, 0, 0, 0, 0, 0, 0, 0, 0, 0]
[114, 10, 0, 4, 0, 0, 0, 0, 0, 0, 0, 0, 0, 0, 0, 0, 0, 0, 0, 0, 0]
[115, 10, 0, 5, 0, 0, 0, 0, 0, 0, 0, 0, 0, 0, 0, 0, 0, 0, 0, 0, 0]
[116, 10, 0, 6, 0, 0, 0, 0, 0, 0, 0, 0, 0, 0, 0, 0, 0, 0, 0, 0, 0]
[117, 10, 0, 7, 0, 0, 0, 0, 0, 0, 0, 0, 0, 0, 0, 0, 0, 0, 0, 0, 0]
[118, 10, 0, 8, 0, 0, 0, 0, 0, 0, 0, 0, 0, 0, 0, 0, 0, 0, 0, 0, 0]
[119, 10, 0, 9, 0, 0, 0, 0, 0, 0, 0, 0, 0, 0, 0, 0, 0, 0, 0, 0, 0]
[120, 10, 0, 10, 0, 0, 0, 0, 0, 0, 0, 0, 0, 0, 0, 0, 0, 0, 0, 0, 0]
[162, 10, 0, 10, 0, 1, 0, 0, 0, 0, 0, 0, 0, 0, 0, 0, 0, 0, 0, 0, 0]
[173, 10, 0, 10, 0, 2, 0, 0, 0, 0, 0, 0, 0, 0, 0, 0, 0, 0, 0, 0, 0]
[174, 10, 0, 10, 0, 3, 0, 0, 0, 0, 0, 0, 0, 0, 0, 0, 0, 0, 0, 0, 0]
[175, 10, 0, 10, 0, 4, 0, 0, 0, 0, 0, 0, 0, 0, 0, 0, 0, 0, 0, 0, 0]
[176, 10, 0, 10, 0, 5, 0, 0, 0, 0, 0, 0, 0, 0, 0, 0, 0, 0, 0, 0, 0]
[177, 10, 0, 10, 0, 6, 0, 0, 0, 0, 0, 0, 0, 0, 0, 0, 0, 0, 0, 0, 0]
[178, 10, 0, 10, 0, 7, 0, 0, 0, 0, 0, 0, 0, 0, 0, 0, 0, 0, 0, 0, 0]
[179, 10, 0, 10, 0, 8, 0, 0, 0, 0, 0, 0, 0, 0, 0, 0, 0, 0, 0, 0, 0]
[180, 10, 0, 10, 0, 9, 0, 0, 0, 0, 0, 0, 0, 0, 0, 0, 0, 0, 0, 0, 0]
[191, 10, 0, 10, 0, 10, 0, 0, 0, 0, 0, 0, 0, 0, 0, 0, 0, 0, 0, 0, 0]
[212, 10, 0, 10, 0, 10, 0, 1, 0, 0, 0, 0, 0, 0, 0, 0, 0, 0, 0, 0, 0]
[213, 10, 0, 10, 0, 10, 0, 2, 0, 0, 0, 0, 0, 0, 0, 0, 0, 0, 0, 0, 0]
[214, 10, 0, 10, 0, 10, 0, 3, 0, 0, 0, 0, 0, 0, 0, 0, 0, 0, 0, 0, 0]
[215, 10, 0, 10, 0, 10, 0, 4, 0, 0, 0, 0, 0, 0, 0, 0, 0, 0, 0, 0, 0]
[216, 10, 0, 10, 0, 10, 0, 5, 0, 0, 0, 0, 0, 0, 0, 0, 0, 0, 0, 0, 0]
[217, 10, 0, 10, 0, 10, 0, 6, 0, 0, 0, 0, 0, 0, 0, 0, 0, 0, 0, 0, 0]
[218, 10, 0, 10, 0, 10, 0, 7, 0, 0, 0, 0, 0, 0, 0, 0, 0, 0, 0, 0, 0]
[219, 10, 0, 10, 0, 10, 0, 8, 0, 0, 0, 0, 0, 0, 0, 0, 0, 0, 0, 0, 0]
[220, 10, 0, 10, 0, 10, 0, 9, 0, 0, 0, 0, 0, 0, 0, 0, 0, 0, 0, 0, 0]
[221, 10, 0, 10, 0, 10, 0, 10, 0, 0, 0, 0, 0, 0, 0, 0, 0, 0, 0, 0, 0]
[252, 10, 0, 10, 0, 10, 0, 10, 0, 1, 0, 0, 0, 0, 0, 0, 0, 0, 0, 0, 0]
[263, 10, 0, 10, 0, 10, 0, 10, 0, 2, 0, 0, 0, 0, 0, 0, 0, 0, 0, 0, 0]
[275, 10, 0, 10, 0, 10, 0, 10, 0, 3, 0, 0, 0, 0, 0, 0, 0, 0, 0, 0, 0]
[276, 10, 0, 10, 0, 10, 0, 10, 0, 4, 0, 0, 0, 0, 0, 0, 0, 0, 0, 0, 0]
[277, 10, 0, 10, 0, 10, 0, 10, 0, 5, 0, 0, 0, 0, 0, 0, 0, 0, 0, 0, 0]
[278, 10, 0, 10, 0, 10, 0, 10, 0, 6, 0, 0, 0, 0, 0, 0, 0, 0, 0, 0, 0]
[279, 10, 0, 10, 0, 10, 0, 10, 0, 7, 0, 0, 0, 0, 0, 0, 0, 0, 0, 0, 0]
[280, 10, 0, 10, 0, 10, 0, 10, 0, 8, 0, 0, 0, 0, 0, 0, 0, 0, 0, 0, 0]
[281, 10, 0, 10, 0, 10, 0, 10, 0, 9, 0, 0, 0, 0, 0, 0, 0, 0, 0, 0, 0]
[282, 10, 0, 10, 0, 10, 0, 10, 0, 10, 0, 0, 0, 0, 0, 0, 0, 0, 0, 0, 0]
[303, 10, 0, 10, 0, 10, 0, 10, 0, 10, 0, 1, 0, 0, 0, 0, 0, 0, 0, 0, 0]
[304, 10, 0, 10, 0, 10, 0, 10, 0, 10, 0, 2, 0, 0, 0, 0, 0, 0, 0, 0, 0]
[335, 10, 0, 10, 0, 10, 0, 10, 0, 10, 0, 3, 0, 0, 0, 0, 0, 0, 0, 0, 0]
[336, 10, 0, 10, 0, 10, 0, 10, 0, 10, 0, 4, 0, 0, 0, 0, 0, 0, 0, 0, 0]
[337, 10, 0, 10, 0, 10, 0, 10, 0, 10, 0, 5, 0, 0, 0, 0, 0, 0, 0, 0, 0]
[338, 10, 0, 10, 0, 10, 0, 10, 0, 10, 0, 6, 0, 0, 0, 0, 0, 0, 0, 0, 0]
[339, 10, 0, 10, 0, 10, 0, 10, 0, 10, 0, 7, 0, 0, 0, 0, 0, 0, 0, 0, 0]
[340, 10, 0, 10, 0, 10, 0, 10, 0, 10, 0, 8, 0, 0, 0, 0, 0, 0, 0, 0, 0]
[341, 10, 0, 10, 0, 10, 0, 10, 0, 10, 0, 9, 0, 0, 0, 0, 0, 0, 0, 0, 0]
[342, 10, 0, 10, 0, 10, 0, 10, 0, 10, 0, 10, 0, 0, 0, 0, 0, 0, 0, 0, 0]
[343, 10, 0, 10, 0, 10, 0, 10, 0, 10, 0, 10, 0, 1, 0, 0, 0, 0, 0, 0, 0]
[364, 10, 0, 10, 0, 10, 0, 10, 0, 10, 0, 10, 0, 2, 0, 0, 0, 0, 0, 0, 0]
[385, 10, 0, 10, 0, 10, 0, 10, 0, 10, 0, 10, 0, 3, 0, 0, 0, 0, 0, 0, 0]
[386, 10, 0, 10, 0, 10, 0, 10, 0, 10, 0, 10, 0, 4, 0, 0, 0, 0, 0, 0, 0]
[387, 10, 0, 10, 0, 10, 0, 10, 0, 10, 0, 10, 0, 5, 0, 0, 0, 0, 0, 0, 0]
[388, 10, 0, 10, 0, 10, 0, 10, 0, 10, 0, 10, 0, 6, 0, 0, 0, 0, 0, 0, 0]
[389, 10, 0, 10, 0, 10, 0, 10, 0, 10, 0, 10, 0, 7, 0, 0, 0, 0, 0, 0, 0]
[390, 10, 0, 10, 0, 10, 0, 10, 0, 10, 0, 10, 0, 8, 0, 0, 0, 0, 0, 0, 0]
[391, 10, 0, 10, 0, 10, 0, 10, 0, 10, 0, 10, 0, 9, 0, 0, 0, 0, 0, 0, 0]
[392, 10, 0, 10, 0, 10, 0, 10, 0, 10, 0, 10, 0, 10, 0, 0, 0, 0, 0, 0, 0]
[443, 10, 0, 10, 0, 10, 0, 10, 0, 10, 0, 10, 0, 10, 0, 1, 0, 0, 0, 0, 0]
[454, 10, 0, 10, 0, 10, 0, 10, 0, 10, 0, 10, 0, 10, 0, 1, 0, 1, 0, 0, 0]
[455, 10, 0, 10, 0, 10, 0, 10, 0, 10, 0, 10, 0, 10, 0, 2, 0, 1, 0, 0, 0]
[456, 10, 0, 10, 0, 10, 0, 10, 0, 10, 0, 10, 0, 10, 0, 3, 0, 1, 0, 0, 0]
[467, 10, 0, 10, 0, 10, 0, 10, 0, 10, 0, 10, 0, 10, 0, 4, 0, 1, 0, 0, 0]
[468, 10, 0, 10, 0, 10, 0, 10, 0, 10, 0, 10, 0, 10, 0, 5, 0, 1, 0, 0, 0]
[469, 10, 0, 10, 0, 10, 0, 10, 0, 10, 0, 10, 0, 10, 0, 6, 0, 1, 0, 0, 0]
[470, 10, 0, 10, 0, 10, 0, 10, 0, 10, 0, 10, 0, 10, 0, 7, 0, 1, 0, 0, 0]
[481, 10, 0, 10, 0, 10, 0, 10, 0, 10, 0, 10, 0, 10, 0, 8, 0, 1, 0, 0, 0]
[486, 10, 0, 10, 0, 10, 0, 10, 0, 10, 0, 10, 0, 10, 0, 8, 0, 1, 0, 0, 1]
[502, 10, 0, 10, 0, 10, 0, 10, 0, 10, 0, 10, 0, 10, 0, 9, 0, 1, 0, 0, 1]
[505, 10, 0, 10, 0, 10, 0, 10, 0, 10, 0, 10, 0, 10, 0, 9, 0, 2, 0, 0, 1]
[506, 10, 0, 10, 0, 10, 0, 10, 0, 10, 0, 10, 0, 10, 0, 9, 0, 3, 0, 0, 1]
[507, 10, 0, 10, 0, 10, 0, 10, 0, 10, 0, 10, 0, 10, 0, 9, 0, 4, 0, 0, 1]
[508, 10, 0, 10, 0, 10, 0, 10, 0, 10, 0, 10, 0, 10, 0, 9, 0, 5, 0, 0, 1]
[513, 10, 0, 10, 0, 10, 0, 10, 0, 10, 0, 10, 0, 10, 0, 9, 0, 5, 1, 0, 2]
[520, 10, 0, 10, 0, 10, 0, 10, 0, 10, 0, 10, 0, 10, 0, 9, 0, 5, 2, 0, 2]
[541, 10, 0, 10, 0, 10, 0, 10, 0, 10, 0, 10, 0, 10, 0, 9, 1, 5, 2, 0, 2]
[541, 10, 0, 10, 0, 10, 0, 10, 0, 10, 0, 10, 0, 10, 0, 9, 1, 5, 3, 0, 2]
[548, 10, 0, 10, 0, 10, 0, 10, 0, 10, 0, 10, 0, 10, 0, 9, 1, 5, 4, 0, 2]
[554, 10, 0, 10, 0, 10, 0, 10, 0, 10, 0, 10, 0, 10, 0, 9, 1, 5, 4, 1, 2]
[555, 10, 0, 10, 0, 10, 0, 10, 0, 10, 0, 10, 0, 10, 0, 9, 1, 5, 4, 2, 2]
[557, 10, 0, 10, 0, 10, 0, 10, 0, 10, 0, 10, 0, 10, 0, 9, 1, 5, 4, 3, 2]
[565, 10, 0, 10, 0, 10, 0, 10, 0, 10, 0, 10, 0, 10, 0, 9, 1, 5, 5, 3, 2]
[566, 10, 0, 10, 0, 10, 0, 10, 0, 10, 0, 10, 0, 10, 0, 9, 1, 5, 5, 3, 3]
[568, 10, 0, 10, 0, 10, 0, 10, 0, 10, 0, 10, 0, 10, 0, 9, 2, 5, 5, 4, 3]
[569, 10, 0, 10, 0, 10, 0, 10, 0, 10, 0, 10, 0, 10, 0, 9, 2, 5, 5, 5, 3]
[570, 10, 0, 10, 0, 10, 0, 10, 0, 10, 0, 10, 0, 10, 1, 9, 2, 5, 5, 6, 3]
[571, 10, 0, 10, 0, 10, 0, 10, 0, 10, 0, 10, 0, 10, 1, 9, 2, 5, 5, 7, 3]
[572, 10, 0, 10, 0, 10, 0, 10, 0, 10, 0, 10, 0, 10, 1, 9, 2, 5, 6, 8, 3]
[573, 10, 0, 10, 0, 10, 0, 10, 0, 10, 0, 10, 0, 10, 1, 9, 2, 5, 6, 9, 3]
[574, 10, 0, 10, 0, 10, 0, 10, 0, 10, 0, 10, 0, 10, 1, 9, 2, 5, 6, 10, 3]
[578, 10, 0, 10, 0, 10, 0, 10, 0, 10, 0, 10, 0, 10, 1, 9, 2, 5, 7, 10, 3]
[587, 10, 0, 10, 0, 10, 0, 10, 0, 10, 0, 10, 0, 10, 1, 9, 2, 5, 7, 10, 4]
[590, 10, 0, 10, 0, 10, 0, 10, 0, 10, 0, 10, 0, 10, 1, 9, 2, 5, 8, 10, 4]
[593, 10, 0, 10, 0, 10, 0, 10, 0, 10, 0, 10, 0, 10, 1, 9, 2, 5, 8, 10, 5]
[596, 10, 0, 10, 0, 10, 0, 10, 0, 10, 0, 10, 0, 10, 1, 9, 2, 5, 9, 10, 5]
[597, 10, 0, 10, 0, 10, 0, 10, 0, 10, 0, 10, 1, 10, 2, 9, 2, 5, 9, 10, 5]
[603, 10, 0, 10, 0, 10, 0, 10, 0, 10, 0, 10, 1, 10, 2, 9, 2, 5, 10, 10, 5]
[604, 10, 0, 10, 0, 10, 0, 10, 0, 10, 0, 10, 1, 10, 3, 9, 2, 5, 10, 10, 5]
[606, 10, 0, 10, 0, 10, 0, 10, 0, 10, 0, 10, 1, 10, 3, 9, 3, 5, 10, 10, 5]
[613, 10, 0, 10, 0, 10, 0, 10, 0, 10, 0, 10, 1, 10, 3, 9, 4, 5, 10, 10, 5]
[615, 10, 0, 10, 0, 10, 0, 10, 0, 10, 0, 10, 1, 10, 3, 9, 4, 5, 10, 10, 6]
[620, 10, 0, 10, 0, 10, 0, 10, 0, 10, 0, 10, 1, 10, 4, 9, 4, 5, 10, 10, 6]
[625, 10, 0, 10, 0, 10, 0, 10, 0, 10, 0, 10, 2, 10, 4, 9, 4, 5, 10, 10, 6]
[626, 10, 0, 10, 0, 10, 0, 10, 0, 10, 1, 10, 2, 10, 4, 9, 4, 5, 10, 10, 6]
[632, 10, 0, 10, 0, 10, 0, 10, 0, 10, 1, 10, 3, 10, 4, 9, 4, 5, 10, 10, 6]
[633, 10, 0, 10, 0, 10, 0, 10, 0, 10, 2, 10, 3, 10, 4, 9, 4, 5, 10, 10, 6]
[643, 10, 0, 10, 0, 10, 0, 10, 0, 10, 2, 10, 3, 10, 5, 9, 4, 5, 10, 10, 6]
[645, 10, 0, 10, 0, 10, 0, 10, 0, 10, 2, 10, 3, 10, 5, 9, 4, 5, 10, 10, 7]
[649, 10, 0, 10, 0, 10, 0, 10, 0, 10, 2, 10, 4, 10, 5, 9, 5, 5, 10, 10, 7]
[649, 10, 0, 10, 0, 10, 0, 10, 0, 10, 2, 10, 4, 10, 6, 9, 5, 5, 10, 10, 7]
[653, 10, 0, 10, 0, 10, 1, 10, 1, 10, 2, 10, 4, 10, 6, 9, 5, 5, 10, 10, 7]
[663, 10, 0, 10, 0, 10, 1, 10, 1, 10, 2, 10, 4, 10, 7, 9, 5, 5, 10, 10, 7]
[669, 10, 0, 10, 0, 10, 1, 10, 1, 10, 2, 10, 4, 10, 7, 9, 6, 5, 10, 10, 7]
[672, 10, 0, 10, 0, 10, 1, 10, 1, 10, 3, 10, 4, 10, 7, 9, 6, 5, 10, 10, 7]
[674, 10, 0, 10, 0, 10, 2, 10, 1, 10, 3, 10, 4, 10, 7, 9, 6, 5, 10, 10, 7]
[676, 10, 0, 10, 0, 10, 2, 10, 1, 10, 3, 10, 4, 10, 7, 9, 7, 5, 10, 10, 7]
[679, 10, 0, 10, 0, 10, 2, 10, 1, 10, 4, 10, 4, 10, 8, 9, 7, 5, 10, 10, 7]
[682, 10, 0, 10, 0, 10, 2, 10, 2, 10, 4, 10, 4, 10, 8, 9, 7, 5, 10, 10, 7]
[685, 10, 0, 10, 0, 10, 2, 10, 2, 10, 4, 10, 4, 10, 9, 9, 7, 5, 10, 10, 7]
[685, 10, 0, 10, 0, 10, 2, 10, 2, 10, 5, 10, 4, 10, 9, 9, 7, 5, 10, 10, 7]
[687, 10, 0, 10, 0, 10, 3, 10, 2, 10, 5, 10, 4, 10, 9, 9, 7, 5, 10, 10, 7]
[697, 10, 0, 10, 0, 10, 3, 10, 2, 10, 5, 10, 4, 10, 9, 9, 8, 5, 10, 10, 7]
[699, 10, 0, 10, 0, 10, 3, 10, 2, 10, 5, 10, 5, 10, 9, 9, 8, 5, 10, 10, 7]
[702, 10, 0, 10, 0, 10, 3, 10, 2, 10, 6, 10, 5, 10, 9, 9, 8, 5, 10, 10, 7]
[705, 10, 0, 10, 0, 10, 3, 10, 2, 10, 6, 10, 5, 10, 9, 9, 9, 5, 10, 10, 7]
[706, 10, 0, 10, 0, 10, 3, 10, 2, 10, 6, 10, 6, 10, 9, 9, 9, 5, 10, 10, 7]
[706, 10, 0, 10, 0, 10, 3, 10, 2, 10, 6, 10, 6, 10, 9, 10, 9, 5, 10, 10, 7]
[709, 10, 0, 10, 1, 10, 4, 10, 2, 10, 6, 10, 6, 10, 9, 10, 9, 5, 10, 10, 7]
[709, 10, 0, 10, 1, 10, 4, 10, 2, 10, 7, 10, 6, 10, 10, 10, 9, 5, 10, 10, 7]
[712, 10, 0, 10, 1, 10, 4, 10, 2, 10, 7, 10, 6, 10, 10, 10, 10, 5, 10, 10, 7]
[716, 10, 0, 10, 1, 10, 4, 10, 2, 10, 8, 10, 6, 10, 10, 10, 10, 5, 10, 10, 7]
[731, 10, 0, 10, 1, 10, 4, 10, 2, 10, 8, 10, 7, 10, 10, 10, 10, 5, 10, 10, 7]
[732, 10, 0, 10, 2, 10, 4, 10, 2, 10, 8, 10, 7, 10, 10, 10, 10, 5, 10, 10, 7]
[733, 10, 0, 10, 2, 10, 4, 10, 2, 10, 8, 10, 7, 10, 10, 10, 10, 5, 10, 10, 8]
[735, 10, 0, 10, 2, 10, 4, 10, 2, 10, 8, 10, 7, 10, 10, 10, 10, 6, 10, 10, 8]
[739, 10, 1, 10, 3, 10, 4, 10, 2, 10, 8, 10, 7, 10, 10, 10, 10, 6, 10, 10, 8]
[740, 10, 1, 10, 3, 10, 5, 10, 2, 10, 8, 10, 7, 10, 10, 10, 10, 6, 10, 10, 9]
[742, 10, 1, 10, 3, 10, 5, 10, 2, 10, 8, 10, 7, 10, 10, 10, 10, 7, 10, 10, 9]
[745, 10, 1, 10, 4, 10, 5, 10, 2, 10, 8, 10, 7, 10, 10, 10, 10, 7, 10, 10, 9]
[759, 10, 2, 10, 4, 10, 5, 10, 2, 10, 8, 10, 7, 10, 10, 10, 10, 7, 10, 10, 9]
[759, 10, 2, 10, 4, 10, 6, 10, 2, 10, 8, 10, 7, 10, 10, 10, 10, 7, 10, 10, 9]
[761, 10, 2, 10, 4, 10, 6, 10, 3, 10, 8, 10, 8, 10, 10, 10, 10, 7, 10, 10, 9]
[765, 10, 3, 10, 5, 10, 6, 10, 3, 10, 8, 10, 8, 10, 10, 10, 10, 7, 10, 10, 9]
[767, 10, 3, 10, 5, 10, 6, 10, 4, 10, 8, 10, 9, 10, 10, 10, 10, 7, 10, 10, 9]
[771, 10, 4, 10, 5, 10, 6, 10, 4, 10, 8, 10, 9, 10, 10, 10, 10, 7, 10, 10, 9]
[772, 10, 4, 10, 6, 10, 6, 10, 4, 10, 8, 10, 9, 10, 10, 10, 10, 7, 10, 10, 9]
[783, 10, 4, 10, 6, 10, 6, 10, 5, 10, 8, 10, 9, 10, 10, 10, 10, 7, 10, 10, 9]
[789, 10, 4, 10, 6, 10, 7, 10, 5, 10, 8, 10, 9, 10, 10, 10, 10, 7, 10, 10, 9]
[790, 10, 4, 10, 6, 10, 7, 10, 5, 10, 9, 10, 9, 10, 10, 10, 10, 7, 10, 10, 9]
[791, 10, 4, 10, 6, 10, 7, 10, 6, 10, 9, 10, 9, 10, 10, 10, 10, 8, 10, 10, 9]
[815, 10, 4, 10, 7, 10, 7, 10, 6, 10, 9, 10, 9, 10, 10, 10, 10, 8, 10, 10, 9]
[824, 10, 4, 10, 7, 10, 7, 10, 6, 10, 10, 10, 9, 10, 10, 10, 10, 8, 10, 10, 9]
[826, 10, 4, 10, 7, 10, 7, 10, 7, 10, 10, 10, 9, 10, 10, 10, 10, 8, 10, 10, 9]
[836, 10, 4, 10, 8, 10, 7, 10, 7, 10, 10, 10, 9, 10, 10, 10, 10, 8, 10, 10, 9]
[843, 10, 5, 10, 8, 10, 7, 10, 7, 10, 10, 10, 9, 10, 10, 10, 10, 8, 10, 10, 9]
[846, 10, 5, 10, 8, 10, 7, 10, 8, 10, 10, 10, 9, 10, 10, 10, 10, 8, 10, 10, 9]
[848, 10, 5, 10, 8, 10, 7, 10, 8, 10, 10, 10, 9, 10, 10, 10, 10, 9, 10, 10, 9]
[850, 10, 6, 10, 9, 10, 7, 10, 8, 10, 10, 10, 9, 10, 10, 10, 10, 9, 10, 10, 9]
[851, 10, 6, 10, 9, 10, 7, 10, 8, 10, 10, 10, 10, 10, 10, 10, 10, 9, 10, 10, 9]
[852, 10, 6, 10, 9, 10, 8, 10, 8, 10, 10, 10, 10, 10, 10, 10, 10, 9, 10, 10, 9]
[852, 10, 6, 10, 9, 10, 8, 10, 9, 10, 10, 10, 10, 10, 10, 10, 10, 9, 10, 10, 9]
[875, 10, 6, 10, 9, 10, 9, 10, 9, 10, 10, 10, 10, 10, 10, 10, 10, 9, 10, 10, 9]
[880, 10, 7, 10, 9, 10, 9, 10, 9, 10, 10, 10, 10, 10, 10, 10, 10, 9, 10, 10, 9]
[895, 10, 7, 10, 9, 10, 9, 10, 9, 10, 10, 10, 10, 10, 10, 10, 10, 9, 10, 10, 10]
[901, 10, 7, 10, 10, 10, 9, 10, 9, 10, 10, 10, 10, 10, 10, 10, 10, 9, 10, 10, 10]
[903, 10, 8, 10, 10, 10, 9, 10, 9, 10, 10, 10, 10, 10, 10, 10, 10, 9, 10, 10, 10]
[910, 10, 9, 10, 10, 10, 9, 10, 9, 10, 10, 10, 10, 10, 10, 10, 10, 9, 10, 10, 10]
[929, 10, 9, 10, 10, 10, 10, 10, 9, 10, 10, 10, 10, 10, 10, 10, 10, 9, 10, 10, 10]
[932, 10, 10, 10, 10, 10, 10, 10, 9, 10, 10, 10, 10, 10, 10, 10, 10, 9, 10, 10, 10]
[933, 10, 10, 10, 10, 10, 10, 10, 9, 10, 10, 10, 10, 10, 10, 10, 10, 10, 10, 10, 10]
[1228, 10, 10, 10, 10, 10, 10, 10, 10, 10, 10, 10, 10, 10, 10, 10, 10, 10, 10, 10, 10]
