0
0
0
0
0
0
0
0
0
0
0
0
0
0
0
0
0
0
0
0
0
0
0
0
0
0
0
0
0
0
0
0
0
0
0
0
0
0
0
0
0
0
0
0
0
0
0
0
0
0
0
0
0
20
20
20
20
20
20
20
40
40
120
120
120
120
120
120
120
120
140
140
140
140
140
140
140
140
160
160
160
160
160
180
180
180
180
180
180
180
180
180
180
180
180
180
180
220
280
320
320
340
400
400
400
400
420
440
460
460
460
460
480
480
500
500
500
500
500
500
520
540
580
580
600
600
600
620
620
620
620
640
640
640
640
640
660
660
660
660
660
680
680
680
680
680
680
680
700
700
700
700
740
740
760
780
780
780
780
800
800
800
800
800
800
800
800
800
800
800
840
860
