0
0
0
0
0
0
0
0
0
0
0
0
0
0
0
0
0
0
0
0
0
0
20
20
20
20
40
60
60
120
120
140
140
160
160
160
160
180
240
240
240
260
260
260
260
280
280
280
280
280
280
280
280
280
340
340
360
400
400
400
400
440
440
440
460
480
480
480
480
480
500
500
500
500
520
520
520
520
520
520
520
520
540
540
540
540
540
540
560
560
680
780
1020
1100
1180
1380
1520
1540
1560
1580
1580
1620
1620
1660
1660
1660
1660
1660
1680
1720
1720
1740
1760
1760
1800
1800
1840
1840
1900
1920
1920
1940
1980
1980
2560
2780
2820
2860
2880
2880
2900
2940
2940
2940
2940
2940
2940
2940
3040
3060
3080
3080
3080
3080
3080
3080
3080
3080
3120
3120
3120
3140
3140
3140
3140
3140
3140
3160
