0
0
0
0
0
0
0
0
0
0
0
0
0
0
0
0
0
0
0
0
0
20
20
20
20
20
20
20
20
20
40
40
60
60
60
60
60
60
60
60
80
80
80
80
80
80
80
80
80
80
140
140
160
180
180
180
180
180
180
180
180
220
240
240
240
240
240
240
240
240
300
300
300
300
300
300
300
300
300
300
360
360
360
360
360
380
380
380
380
380
380
380
380
420
440
440
440
440
440
440
460
480
500
500
500
500
500
520
540
540
540
600
600
600
660
660
660
660
660
660
680
680
680
700
700
700
700
700
700
700
740
740
760
840
840
840
840
840
840
860
860
860
860
900
900
920
920
940
940
940
940
960
960
980
1000
1000
1000
1000
1000
1040
1040
1040
1080
1080
1100
1120
1120
1140
1160
1160
1160
1160
1160
1240
1240
1300
1300
1300
1300
1340
1340
1380
1740
