0
0
0
0
0
0
0
0
0
0
0
40
40
600
960
960
1060
1100
1140
1160
1540
1560
1580
1580
1600
1620
1660
1680
1720
1720
1780
1920
1960
1960
2100
2100
2260
2260
2260
2260
2260
2260
2260
2360
2480
2620
2700
2740
2740
2780
2800
2820
2820
2840
2840
2840
2840
2840
2860
2880
2880
2880
2880
2900
2920
2920
2940
2980
3060
3060
3140
3220
3420
3460
3460
3640
3900
4040
4040
4040
4040
4040
4040
4180
4220
4220
4240
4240
4280
4280
4300
4320
4340
4340
4400
4440
4440
4440
4440
4460
4460
4500
4500
4560
4560
4600
4620
4840
4860
4880
4900
4940
4960
5020
5020
5020
5020
5060
5060
5060
5060
5100
5220
5260
5260
5300
5740
5860
5860
5880
5880
5920
5960
5960
5960
5960
6000
6240
6320
6400
6520
6560
6560
6560
6620
6620
6720
6740
6800
6800
6820
6880
6920
6920
6940
6960
7020
7060
7080
7140
7140
7240
7260
7260
7520
8240
