0
0
0
0
0
0
0
0
0
0
0
0
0
0
0
460
740
760
800
800
800
800
800
800
800
800
2260
2260
2260
2280
2560
2580
2720
2720
2780
2780
2800
2820
2820
2820
3020
3120
3120
3140
3220
3560
3560
3560
3580
3600
3600
3600
3720
3800
3840
3840
3880
3940
3980
4060
4060
4080
4080
4100
4120
4140
4180
4180
4180
4180
4400
4420
4520
4660
4680
4680
4680
4700
4700
4700
4700
4720
4720
4720
4720
4860
4900
4900
4900
4900
4980
5060
5060
5180
5180
5220
5220
5280
5280
5280
5280
5300
5300
5300
5300
5300
5300
5340
5340
5360
5400
5440
5460
5680
5780
5880
5900
5960
5960
5960
6040
6040
6060
6060
