0
0
0
0
0
0
0
0
0
0
0
0
1980
2200
2220
2380
2380
2380
2380
2400
2400
2400
2440
2500
2520
3020
3620
3620
3620
3640
3700
3740
3740
3780
3780
4740
4740
4740
4740
4760
5260
5280
5280
5480
5480
5500
5500
5520
5660
5720
5720
5760
5760
5780
5800
5800
5800
5820
5820
5820
5840
5860
5880
5900
6360
6420
6460
6460
6460
6600
6620
6620
6920
6920
7720
7820
7820
7820
7820
7820
7820
8020
8020
8380
8380
8380
8400
8460
8460
8460
8760
8760
8860
8860
8860
8900
8900
8900
8900
8900
8900
8900
9400
9400
9420
9420
9420
9440
9660
