0
0
0
0
0
0
0
0
0
0
0
0
0
0
0
0
380
420
420
420
420
1380
1400
1400
1400
1400
1420
1420
1840
1980
2020
2020
2040
2300
2940
3020
3020
3040
3040
3340
3340
3620
4040
4040
4040
4040
4080
4260
4260
4260
4380
4400
4400
4460
4480
4680
4740
4760
4980
4980
5720
5720
5800
5820
5840
5980
6000
6000
6020
6080
6100
6240
6260
6260
6260
6260
6300
6320
6420
6440
6440
6480
6480
6480
6480
6480
6480
6480
6500
6500
6520
6540
6540
6600
6620
6620
6620
6660
6660
6900
6900
6900
6920
6940
7020
7040
7060
7080
7080
7200
7200
7220
7360
7380
7380
7400
7420
7560
7560
7600
7860
7900
8180
8180
8180
8180
8200
8220
8240
8240
8240
8240
8300
8380
8420
8440
8600
8660
8760
8820
8980
8980
8980
8980
9360
9360
9360
