0
0
0
0
0
0
0
0
40
60
100
860
880
1460
1460
1760
1820
1840
1860
2140
2140
2360
2400
2440
2460
2460
2480
2480
2500
2560
2560
2960
2960
2980
3020
3020
3080
3120
3140
3240
3240
3240
3240
3240
3240
3240
3400
3880
3880
3940
3940
3980
4000
4060
4060
4060
4080
4100
4140
4160
4160
4180
4180
4220
4220
4220
4220
4220
4220
4240
4240
4240
4360
5000
5000
5020
5040
5040
5040
5200
5280
5620
5660
5660
5780
6000
6000
6120
6180
6180
6180
6200
6200
6200
6240
6240
6240
6240
6240
6240
6280
6300
6340
6440
6460
6480
6500
6520
6520
6540
6540
6540
6560
6640
6660
6660
6720
6720
6740
6760
6840
6860
6880
6900
6920
6940
6940
7060
7180
7220
7220
7280
7280
7380
7420
7480
7540
7580
7640
7760
7880
7900
7900
8280
8340
8380
8460
8460
8500
8500
8500
9240
9480
9480
10100
10160
10160
10260
10520
10580
10600
10620
